<?xml version="1.0" encoding="UTF-8"?>
<!-- Generated by org.testng.reporters.JUnitXMLReporter -->
<testsuite ignored="0" hostname="LAPTOP-501EVVUD" failures="1" tests="2" name="Sanity Test" time="14.285" errors="0" timestamp="2026-09-05T15:58:13 ICT">
  <testcase classname="com.hrm.TestCase.SanityTest" name="testBase" time="0.811">
    <skipped/>
  </testcase> <!-- testBase -->
  <testcase classname="com.hrm.TestCase.SanityTest" name="testBase" time="0.006">
    <failure type="java.lang.AssertionError" message="expected [true] but found [false]">
      <![CDATA[java.lang.AssertionError: expected [true] but found [false]
at com.hrm.TestCase.SanityTest.testBase(SanityTest.java:13)
at java.base/java.util.ArrayList.forEach(ArrayList.java:1596)
... Removed 33 stack frames]]>
    </failure>
  </testcase> <!-- testBase -->
</testsuite> <!-- Sanity Test -->
